<?xml version="1.0" encoding="UTF-8"?>
<!-- Generated by org.testng.reporters.JUnitReportReporter -->
<testsuite hostname="DESKTOP-A67106G" name="login.Login1" tests="1" failures="0" timestamp="15 Oct 2017 23:41:57 GMT" time="3.717" errors="0">
  <testcase name="formsubmission" time="3.717" classname="login.Login1"/>
</testsuite> <!-- login.Login1 -->
