<?xml version="1.0" encoding="UTF-8"?>
<!-- Generated by org.testng.reporters.JUnitReportReporter -->
<testsuite hostname="DESKTOP-A67106G" name="login.Login1" tests="1" failures="0" timestamp="9 Oct 2017 02:33:33 GMT" time="3.369" errors="0">
  <testcase name="formsubmission" time="3.369" classname="login.Login1"/>
</testsuite> <!-- login.Login1 -->
